<?xml version="1.0" encoding="UTF-8"?>
<!-- Generated by org.testng.reporters.JUnitXMLReporter -->
<testsuite ignored="0" hostname="DESKTOP-8KHMGMV" failures="0" tests="8" name="Test" time="48.787" errors="0" timestamp="2024-03-31T14:27:55 IST">
  <testcase classname="testcases.TestCse_TC2_MultipleLoginTest" name="loginTest" time="2.549"/>
  <testcase classname="testcases.TestCse_TC2_MultipleLoginTest" name="loginTest" time="0.277"/>
  <testcase classname="testcases.TestCse_TC2_MultipleLoginTest" name="loginTest" time="0.277"/>
  <testcase classname="testcases.TestCse_TC2_MultipleLoginTest" name="loginTest" time="0.264"/>
  <testcase classname="testcases.TestCase_TC10_LogoutTest" name="logout" time="1.729"/>
  <testcase classname="testcases.TestCase_TC1_VerifyLogin" name="getTitle" time="2.478"/>
  <testcase classname="testcases.TestCase_TC14_VerifyTAbout" name="verifyAboutNavigation" time="13.531"/>
  <testcase classname="testcases.TestCase_TC3_OrderBookTest" name="orderTest" time="3.026"/>
</testsuite> <!-- Test -->
